# JRE version: Java(TM) SE Runtime Environment (8.0_102-b14) (build 1.8.0_102-b14)
# Java VM: Java HotSpot(TM) 64-Bit Server VM (25.102-b14 mixed mode linux-amd64 compressed oops)
Heap:
 PSYoungGen      total 241152K, used 0K [0x00000000eab00000, 0x0000000100000000, 0x0000000100000000)
  eden space 133120K, 0% used [0x00000000eab00000,0x00000000eab00000,0x00000000f2d00000)
  from space 108032K, 0% used [0x00000000f9680000,0x00000000f9680000,0x0000000100000000)
  to   space 108032K, 0% used [0x00000000f2d00000,0x00000000f2d00000,0x00000000f9680000)
 ParOldGen       total 266752K, used 153689K [0x00000000c0000000, 0x00000000d0480000, 0x00000000eab00000)
  object space 266752K, 57% used [0x00000000c0000000,0x00000000c9616728,0x00000000d0480000)
 Metaspace       used 6333K, capacity 7192K, committed 7424K, reserved 1056768K
  class space    used 610K, capacity 656K, committed 768K, reserved 1048576K
GC Heap History (10 events):
Event: 30,141 GC heap after
Heap after GC invocations=10 (full 2):
 PSYoungGen      total 184320K, used 23576K [0x00000000eab00000, 0x0000000100000000, 0x0000000100000000)
  eden space 128000K, 0% used [0x00000000eab00000,0x00000000eab00000,0x00000000f2800000)
  from space 56320K, 41% used [0x00000000f7f00000,0x00000000f9606238,0x00000000fb600000)
  to   space 89088K, 0% used [0x00000000f2800000,0x00000000f2800000,0x00000000f7f00000)
 ParOldGen       total 262656K, used 153153K [0x00000000c0000000, 0x00000000d0080000, 0x00000000eab00000)
  object space 262656K, 58% used [0x00000000c0000000,0x00000000c9590630,0x00000000d0080000)
 Metaspace       used 6158K, capacity 7064K, committed 7424K, reserved 1056768K
  class space    used 610K, capacity 656K, committed 768K, reserved 1048576K
}
Event: 30,475 GC heap before
{Heap before GC invocations=11 (full 2):
 PSYoungGen      total 184320K, used 151576K [0x00000000eab00000, 0x0000000100000000, 0x0000000100000000)
  eden space 128000K, 100% used [0x00000000eab00000,0x00000000f2800000,0x00000000f2800000)
  from space 56320K, 41% used [0x00000000f7f00000,0x00000000f9606238,0x00000000fb600000)
  to   space 89088K, 0% used [0x00000000f2800000,0x00000000f2800000,0x00000000f7f00000)
 ParOldGen       total 262656K, used 153153K [0x00000000c0000000, 0x00000000d0080000, 0x00000000eab00000)
  object space 262656K, 58% used [0x00000000c0000000,0x00000000c9590630,0x00000000d0080000)
 Metaspace       used 6158K, capacity 7064K, committed 7424K, reserved 1056768K
  class space    used 610K, capacity 656K, committed 768K, reserved 1048576K
Event: 30,591 GC heap after
Heap after GC invocations=11 (full 2):
 PSYoungGen      total 217088K, used 75246K [0x00000000eab00000, 0x0000000100000000, 0x0000000100000000)
  eden space 128000K, 0% used [0x00000000eab00000,0x00000000eab00000,0x00000000f2800000)
  from space 89088K, 84% used [0x00000000f2800000,0x00000000f717baf0,0x00000000f7f00000)
  to   space 99840K, 0% used [0x00000000f9e80000,0x00000000f9e80000,0x0000000100000000)
 ParOldGen       total 262656K, used 153153K [0x00000000c0000000, 0x00000000d0080000, 0x00000000eab00000)
  object space 262656K, 58% used [0x00000000c0000000,0x00000000c9590630,0x00000000d0080000)
 Metaspace       used 6158K, capacity 7064K, committed 7424K, reserved 1056768K
  class space    used 610K, capacity 656K, committed 768K, reserved 1048576K
}
Event: 31,553 GC heap before
{Heap before GC invocations=12 (full 2):
 PSYoungGen      total 217088K, used 203246K [0x00000000eab00000, 0x0000000100000000, 0x0000000100000000)
  eden space 128000K, 100% used [0x00000000eab00000,0x00000000f2800000,0x00000000f2800000)
  from space 89088K, 84% used [0x00000000f2800000,0x00000000f717baf0,0x00000000f7f00000)
  to   space 99840K, 0% used [0x00000000f9e80000,0x00000000f9e80000,0x0000000100000000)
 ParOldGen       total 262656K, used 153153K [0x00000000c0000000, 0x00000000d0080000, 0x00000000eab00000)
  object space 262656K, 58% used [0x00000000c0000000,0x00000000c9590630,0x00000000d0080000)
 Metaspace       used 6159K, capacity 7064K, committed 7424K, reserved 1056768K
  class space    used 610K, capacity 656K, committed 768K, reserved 1048576K
Event: 33,013 GC heap after
Heap after GC invocations=12 (full 2):
 PSYoungGen      total 238080K, used 69109K [0x00000000eab00000, 0x0000000100000000, 0x0000000100000000)
  eden space 138240K, 0% used [0x00000000eab00000,0x00000000eab00000,0x00000000f3200000)
  from space 99840K, 69% used [0x00000000f9e80000,0x00000000fe1fd650,0x0000000100000000)
  to   space 105472K, 0% used [0x00000000f3200000,0x00000000f3200000,0x00000000f9900000)
 ParOldGen       total 262656K, used 177756K [0x00000000c0000000, 0x00000000d0080000, 0x00000000eab00000)
  object space 262656K, 67% used [0x00000000c0000000,0x00000000cad97238,0x00000000d0080000)
 Metaspace       used 6159K, capacity 7064K, committed 7424K, reserved 1056768K
  class space    used 610K, capacity 656K, committed 768K, reserved 1048576K
}
Event: 35,671 GC heap before
{Heap before GC invocations=13 (full 2):
 PSYoungGen      total 238080K, used 207349K [0x00000000eab00000, 0x0000000100000000, 0x0000000100000000)
  eden space 138240K, 100% used [0x00000000eab00000,0x00000000f3200000,0x00000000f3200000)
  from space 99840K, 69% used [0x00000000f9e80000,0x00000000fe1fd650,0x0000000100000000)
  to   space 105472K, 0% used [0x00000000f3200000,0x00000000f3200000,0x00000000f9900000)
 ParOldGen       total 262656K, used 177756K [0x00000000c0000000, 0x00000000d0080000, 0x00000000eab00000)
  object space 262656K, 67% used [0x00000000c0000000,0x00000000cad97238,0x00000000d0080000)
 Metaspace       used 6292K, capacity 7192K, committed 7424K, reserved 1056768K
  class space    used 610K, capacity 656K, committed 768K, reserved 1048576K
Event: 36,024 GC heap after
Heap after GC invocations=13 (full 2):
 PSYoungGen      total 202240K, used 63783K [0x00000000eab00000, 0x0000000100000000, 0x0000000100000000)
  eden space 138240K, 0% used [0x00000000eab00000,0x00000000eab00000,0x00000000f3200000)
  from space 64000K, 99% used [0x00000000f3200000,0x00000000f7049dc0,0x00000000f7080000)
  to   space 108032K, 0% used [0x00000000f9680000,0x00000000f9680000,0x0000000100000000)
 ParOldGen       total 262656K, used 204195K [0x00000000c0000000, 0x00000000d0080000, 0x00000000eab00000)
  object space 262656K, 77% used [0x00000000c0000000,0x00000000cc768ed0,0x00000000d0080000)
 Metaspace       used 6292K, capacity 7192K, committed 7424K, reserved 1056768K
  class space    used 610K, capacity 656K, committed 768K, reserved 1048576K
}
Event: 36,786 GC heap before
{Heap before GC invocations=14 (full 2):
 PSYoungGen      total 202240K, used 202023K [0x00000000eab00000, 0x0000000100000000, 0x0000000100000000)
  eden space 138240K, 100% used [0x00000000eab00000,0x00000000f3200000,0x00000000f3200000)
  from space 64000K, 99% used [0x00000000f3200000,0x00000000f7049dc0,0x00000000f7080000)
  to   space 108032K, 0% used [0x00000000f9680000,0x00000000f9680000,0x0000000100000000)
 ParOldGen       total 262656K, used 204195K [0x00000000c0000000, 0x00000000d0080000, 0x00000000eab00000)
  object space 262656K, 77% used [0x00000000c0000000,0x00000000cc768ed0,0x00000000d0080000)
 Metaspace       used 6333K, capacity 7192K, committed 7424K, reserved 1056768K
  class space    used 610K, capacity 656K, committed 768K, reserved 1048576K
Event: 37,255 GC heap after
Heap after GC invocations=14 (full 2):
 PSYoungGen      total 241152K, used 61279K [0x00000000eab00000, 0x0000000100000000, 0x0000000100000000)
  eden space 133120K, 0% used [0x00000000eab00000,0x00000000eab00000,0x00000000f2d00000)
  from space 108032K, 56% used [0x00000000f9680000,0x00000000fd257cf8,0x0000000100000000)
  to   space 108032K, 0% used [0x00000000f2d00000,0x00000000f2d00000,0x00000000f9680000)
 ParOldGen       total 266752K, used 266459K [0x00000000c0000000, 0x00000000d0480000, 0x00000000eab00000)
  object space 266752K, 99% used [0x00000000c0000000,0x00000000d0436dc0,0x00000000d0480000)
 Metaspace       used 6333K, capacity 7192K, committed 7424K, reserved 1056768K
  class space    used 610K, capacity 656K, committed 768K, reserved 1048576K
}
Event: 39,828 GC heap before
{Heap before GC invocations=15 (full 3):
 PSYoungGen      total 241152K, used 61279K [0x00000000eab00000, 0x0000000100000000, 0x0000000100000000)
  eden space 133120K, 0% used [0x00000000eab00000,0x00000000eab00000,0x00000000f2d00000)
  from space 108032K, 56% used [0x00000000f9680000,0x00000000fd257cf8,0x0000000100000000)
  to   space 108032K, 0% used [0x00000000f2d00000,0x00000000f2d00000,0x00000000f9680000)
 ParOldGen       total 266752K, used 266459K [0x00000000c0000000, 0x00000000d0480000, 0x00000000eab00000)
  object space 266752K, 99% used [0x00000000c0000000,0x00000000d0436dc0,0x00000000d0480000)
 Metaspace       used 6333K, capacity 7192K, committed 7424K, reserved 1056768K
  class space    used 610K, capacity 656K, committed 768K, reserved 1048576K

