# JRE version: Java(TM) SE Runtime Environment (8.0_102-b14) (build 1.8.0_102-b14)
# Java VM: Java HotSpot(TM) 64-Bit Server VM (25.102-b14 mixed mode linux-amd64 compressed oops)
Heap:
 PSYoungGen      total 750592K, used 98881K [0x000000076ab00000, 0x00000007a7980000, 0x00000007c0000000)
  eden space 623104K, 0% used [0x000000076ab00000,0x000000076ab00000,0x0000000790b80000)
  from space 127488K, 77% used [0x000000079ac00000,0x00000007a0c907d0,0x00000007a2880000)
  to   space 164352K, 0% used [0x0000000790b80000,0x0000000790b80000,0x000000079ac00000)
 ParOldGen       total 294912K, used 294716K [0x00000006c0000000, 0x00000006d2000000, 0x000000076ab00000)
  object space 294912K, 99% used [0x00000006c0000000,0x00000006d1fcf118,0x00000006d2000000)
 Metaspace       used 6623K, capacity 7320K, committed 7680K, reserved 1056768K
  class space    used 616K, capacity 656K, committed 768K, reserved 1048576K
GC Heap History (10 events):
Event: 6,636 GC heap after
Heap after GC invocations=10 (full 1):
 PSYoungGen      total 544768K, used 66027K [0x000000076ab00000, 0x0000000799100000, 0x00000007c0000000)
  eden space 478720K, 0% used [0x000000076ab00000,0x000000076ab00000,0x0000000787e80000)
  from space 66048K, 99% used [0x0000000787e80000,0x000000078befaca8,0x000000078bf00000)
  to   space 85504K, 0% used [0x0000000793d80000,0x0000000793d80000,0x0000000799100000)
 ParOldGen       total 164352K, used 101561K [0x00000006c0000000, 0x00000006ca080000, 0x000000076ab00000)
  object space 164352K, 61% used [0x00000006c0000000,0x00000006c632e590,0x00000006ca080000)
 Metaspace       used 6595K, capacity 7320K, committed 7680K, reserved 1056768K
  class space    used 616K, capacity 656K, committed 768K, reserved 1048576K
}
Event: 8,421 GC heap before
{Heap before GC invocations=11 (full 1):
 PSYoungGen      total 544768K, used 544747K [0x000000076ab00000, 0x0000000799100000, 0x00000007c0000000)
  eden space 478720K, 100% used [0x000000076ab00000,0x0000000787e80000,0x0000000787e80000)
  from space 66048K, 99% used [0x0000000787e80000,0x000000078befaca8,0x000000078bf00000)
  to   space 85504K, 0% used [0x0000000793d80000,0x0000000793d80000,0x0000000799100000)
 ParOldGen       total 164352K, used 101561K [0x00000006c0000000, 0x00000006ca080000, 0x000000076ab00000)
  object space 164352K, 61% used [0x00000006c0000000,0x00000006c632e590,0x00000006ca080000)
 Metaspace       used 6611K, capacity 7320K, committed 7680K, reserved 1056768K
  class space    used 616K, capacity 656K, committed 768K, reserved 1048576K
Event: 8,654 GC heap after
Heap after GC invocations=11 (full 1):
 PSYoungGen      total 639488K, used 85481K [0x000000076ab00000, 0x000000079db80000, 0x00000007c0000000)
  eden space 553984K, 0% used [0x000000076ab00000,0x000000076ab00000,0x000000078c800000)
  from space 85504K, 99% used [0x0000000793d80000,0x00000007990fa708,0x0000000799100000)
  to   space 120320K, 0% used [0x000000078c800000,0x000000078c800000,0x0000000793d80000)
 ParOldGen       total 164352K, used 154980K [0x00000006c0000000, 0x00000006ca080000, 0x000000076ab00000)
  object space 164352K, 94% used [0x00000006c0000000,0x00000006c9759198,0x00000006ca080000)
 Metaspace       used 6611K, capacity 7320K, committed 7680K, reserved 1056768K
  class space    used 616K, capacity 656K, committed 768K, reserved 1048576K
}
Event: 8,654 GC heap before
{Heap before GC invocations=12 (full 2):
 PSYoungGen      total 639488K, used 85481K [0x000000076ab00000, 0x000000079db80000, 0x00000007c0000000)
  eden space 553984K, 0% used [0x000000076ab00000,0x000000076ab00000,0x000000078c800000)
  from space 85504K, 99% used [0x0000000793d80000,0x00000007990fa708,0x0000000799100000)
  to   space 120320K, 0% used [0x000000078c800000,0x000000078c800000,0x0000000793d80000)
 ParOldGen       total 164352K, used 154980K [0x00000006c0000000, 0x00000006ca080000, 0x000000076ab00000)
  object space 164352K, 94% used [0x00000006c0000000,0x00000006c9759198,0x00000006ca080000)
 Metaspace       used 6611K, capacity 7320K, committed 7680K, reserved 1056768K
  class space    used 616K, capacity 656K, committed 768K, reserved 1048576K
Event: 9,853 GC heap after
Heap after GC invocations=12 (full 2):
 PSYoungGen      total 639488K, used 68806K [0x000000076ab00000, 0x000000079db80000, 0x00000007c0000000)
  eden space 553984K, 0% used [0x000000076ab00000,0x000000076ab00000,0x000000078c800000)
  from space 85504K, 80% used [0x0000000793d80000,0x00000007980b1858,0x0000000799100000)
  to   space 120320K, 0% used [0x000000078c800000,0x000000078c800000,0x0000000793d80000)
 ParOldGen       total 294912K, used 164079K [0x00000006c0000000, 0x00000006d2000000, 0x000000076ab00000)
  object space 294912K, 55% used [0x00000006c0000000,0x00000006ca03bef8,0x00000006d2000000)
 Metaspace       used 6611K, capacity 7320K, committed 7680K, reserved 1056768K
  class space    used 616K, capacity 656K, committed 768K, reserved 1048576K
}
Event: 11,680 GC heap before
{Heap before GC invocations=13 (full 2):
 PSYoungGen      total 639488K, used 622790K [0x000000076ab00000, 0x000000079db80000, 0x00000007c0000000)
  eden space 553984K, 100% used [0x000000076ab00000,0x000000078c800000,0x000000078c800000)
  from space 85504K, 80% used [0x0000000793d80000,0x00000007980b1858,0x0000000799100000)
  to   space 120320K, 0% used [0x000000078c800000,0x000000078c800000,0x0000000793d80000)
 ParOldGen       total 294912K, used 164079K [0x00000006c0000000, 0x00000006d2000000, 0x000000076ab00000)
  object space 294912K, 55% used [0x00000006c0000000,0x00000006ca03bef8,0x00000006d2000000)
 Metaspace       used 6622K, capacity 7320K, committed 7680K, reserved 1056768K
  class space    used 616K, capacity 656K, committed 768K, reserved 1048576K
Event: 11,995 GC heap after
Heap after GC invocations=13 (full 2):
 PSYoungGen      total 674304K, used 82608K [0x000000076ab00000, 0x00000007a2880000, 0x00000007c0000000)
  eden space 553984K, 0% used [0x000000076ab00000,0x000000076ab00000,0x000000078c800000)
  from space 120320K, 68% used [0x000000078c800000,0x00000007918ac210,0x0000000793d80000)
  to   space 127488K, 0% used [0x000000079ac00000,0x000000079ac00000,0x00000007a2880000)
 ParOldGen       total 294912K, used 233515K [0x00000006c0000000, 0x00000006d2000000, 0x000000076ab00000)
  object space 294912K, 79% used [0x00000006c0000000,0x00000006ce40ae78,0x00000006d2000000)
 Metaspace       used 6622K, capacity 7320K, committed 7680K, reserved 1056768K
  class space    used 616K, capacity 656K, committed 768K, reserved 1048576K
}
Event: 13,803 GC heap before
{Heap before GC invocations=14 (full 2):
 PSYoungGen      total 674304K, used 636592K [0x000000076ab00000, 0x00000007a2880000, 0x00000007c0000000)
  eden space 553984K, 100% used [0x000000076ab00000,0x000000078c800000,0x000000078c800000)
  from space 120320K, 68% used [0x000000078c800000,0x00000007918ac210,0x0000000793d80000)
  to   space 127488K, 0% used [0x000000079ac00000,0x000000079ac00000,0x00000007a2880000)
 ParOldGen       total 294912K, used 233515K [0x00000006c0000000, 0x00000006d2000000, 0x000000076ab00000)
  object space 294912K, 79% used [0x00000006c0000000,0x00000006ce40ae78,0x00000006d2000000)
 Metaspace       used 6623K, capacity 7320K, committed 7680K, reserved 1056768K
  class space    used 616K, capacity 656K, committed 768K, reserved 1048576K
Event: 14,100 GC heap after
Heap after GC invocations=14 (full 2):
 PSYoungGen      total 750592K, used 127477K [0x000000076ab00000, 0x00000007a7980000, 0x00000007c0000000)
  eden space 623104K, 0% used [0x000000076ab00000,0x000000076ab00000,0x0000000790b80000)
  from space 127488K, 99% used [0x000000079ac00000,0x00000007a287d5b8,0x00000007a2880000)
  to   space 164352K, 0% used [0x0000000790b80000,0x0000000790b80000,0x000000079ac00000)
 ParOldGen       total 294912K, used 272966K [0x00000006c0000000, 0x00000006d2000000, 0x000000076ab00000)
  object space 294912K, 92% used [0x00000006c0000000,0x00000006d0a91a50,0x00000006d2000000)
 Metaspace       used 6623K, capacity 7320K, committed 7680K, reserved 1056768K
  class space    used 616K, capacity 656K, committed 768K, reserved 1048576K
}
Event: 14,100 GC heap before
{Heap before GC invocations=15 (full 3):
 PSYoungGen      total 750592K, used 127477K [0x000000076ab00000, 0x00000007a7980000, 0x00000007c0000000)
  eden space 623104K, 0% used [0x000000076ab00000,0x000000076ab00000,0x0000000790b80000)
  from space 127488K, 99% used [0x000000079ac00000,0x00000007a287d5b8,0x00000007a2880000)
  to   space 164352K, 0% used [0x0000000790b80000,0x0000000790b80000,0x000000079ac00000)
 ParOldGen       total 294912K, used 272966K [0x00000006c0000000, 0x00000006d2000000, 0x000000076ab00000)
  object space 294912K, 92% used [0x00000006c0000000,0x00000006d0a91a50,0x00000006d2000000)
 Metaspace       used 6623K, capacity 7320K, committed 7680K, reserved 1056768K
  class space    used 616K, capacity 656K, committed 768K, reserved 1048576K

