# JRE version: Java(TM) SE Runtime Environment (8.0_102-b14) (build 1.8.0_102-b14)
# Java VM: Java HotSpot(TM) 64-Bit Server VM (25.102-b14 mixed mode linux-amd64 compressed oops)
Heap:
 PSYoungGen      total 232960K, used 0K [0x00000000eab00000, 0x0000000100000000, 0x0000000100000000)
  eden space 116736K, 0% used [0x00000000eab00000,0x00000000eab00000,0x00000000f1d00000)
  from space 116224K, 0% used [0x00000000f8e80000,0x00000000f8e80000,0x0000000100000000)
  to   space 116224K, 0% used [0x00000000f1d00000,0x00000000f1d00000,0x00000000f8e80000)
 ParOldGen       total 297472K, used 201920K [0x00000000c0000000, 0x00000000d2280000, 0x00000000eab00000)
  object space 297472K, 67% used [0x00000000c0000000,0x00000000cc530290,0x00000000d2280000)
 Metaspace       used 6397K, capacity 7192K, committed 7424K, reserved 1056768K
  class space    used 610K, capacity 656K, committed 768K, reserved 1048576K
GC Heap History (10 events):
Event: 18,260 GC heap after
Heap after GC invocations=12 (full 2):
 PSYoungGen      total 212480K, used 88784K [0x00000000eab00000, 0x0000000100000000, 0x0000000100000000)
  eden space 118784K, 0% used [0x00000000eab00000,0x00000000eab00000,0x00000000f1f00000)
  from space 93696K, 94% used [0x00000000f8800000,0x00000000fdeb43f0,0x00000000fe380000)
  to   space 107520K, 0% used [0x00000000f1f00000,0x00000000f1f00000,0x00000000f8800000)
 ParOldGen       total 283136K, used 154031K [0x00000000c0000000, 0x00000000d1480000, 0x00000000eab00000)
  object space 283136K, 54% used [0x00000000c0000000,0x00000000c966bcd0,0x00000000d1480000)
 Metaspace       used 6131K, capacity 7064K, committed 7424K, reserved 1056768K
  class space    used 610K, capacity 656K, committed 768K, reserved 1048576K
}
Event: 20,033 GC heap before
{Heap before GC invocations=13 (full 2):
 PSYoungGen      total 212480K, used 207568K [0x00000000eab00000, 0x0000000100000000, 0x0000000100000000)
  eden space 118784K, 100% used [0x00000000eab00000,0x00000000f1f00000,0x00000000f1f00000)
  from space 93696K, 94% used [0x00000000f8800000,0x00000000fdeb43f0,0x00000000fe380000)
  to   space 107520K, 0% used [0x00000000f1f00000,0x00000000f1f00000,0x00000000f8800000)
 ParOldGen       total 283136K, used 154031K [0x00000000c0000000, 0x00000000d1480000, 0x00000000eab00000)
  object space 283136K, 54% used [0x00000000c0000000,0x00000000c966bcd0,0x00000000d1480000)
 Metaspace       used 6220K, capacity 7128K, committed 7424K, reserved 1056768K
  class space    used 610K, capacity 656K, committed 768K, reserved 1048576K
Event: 20,328 GC heap after
Heap after GC invocations=13 (full 2):
 PSYoungGen      total 226304K, used 92387K [0x00000000eab00000, 0x0000000100000000, 0x0000000100000000)
  eden space 118784K, 0% used [0x00000000eab00000,0x00000000eab00000,0x00000000f1f00000)
  from space 107520K, 85% used [0x00000000f1f00000,0x00000000f7938c48,0x00000000f8800000)
  to   space 116224K, 0% used [0x00000000f8e80000,0x00000000f8e80000,0x0000000100000000)
 ParOldGen       total 283136K, used 154031K [0x00000000c0000000, 0x00000000d1480000, 0x00000000eab00000)
  object space 283136K, 54% used [0x00000000c0000000,0x00000000c966bcd0,0x00000000d1480000)
 Metaspace       used 6220K, capacity 7128K, committed 7424K, reserved 1056768K
  class space    used 610K, capacity 656K, committed 768K, reserved 1048576K
}
Event: 25,185 GC heap before
{Heap before GC invocations=14 (full 2):
 PSYoungGen      total 226304K, used 211171K [0x00000000eab00000, 0x0000000100000000, 0x0000000100000000)
  eden space 118784K, 100% used [0x00000000eab00000,0x00000000f1f00000,0x00000000f1f00000)
  from space 107520K, 85% used [0x00000000f1f00000,0x00000000f7938c48,0x00000000f8800000)
  to   space 116224K, 0% used [0x00000000f8e80000,0x00000000f8e80000,0x0000000100000000)
 ParOldGen       total 283136K, used 154031K [0x00000000c0000000, 0x00000000d1480000, 0x00000000eab00000)
  object space 283136K, 54% used [0x00000000c0000000,0x00000000c966bcd0,0x00000000d1480000)
 Metaspace       used 6384K, capacity 7192K, committed 7424K, reserved 1056768K
  class space    used 610K, capacity 656K, committed 768K, reserved 1048576K
Event: 25,570 GC heap after
Heap after GC invocations=14 (full 2):
 PSYoungGen      total 232960K, used 116205K [0x00000000eab00000, 0x0000000100000000, 0x0000000100000000)
  eden space 116736K, 0% used [0x00000000eab00000,0x00000000eab00000,0x00000000f1d00000)
  from space 116224K, 99% used [0x00000000f8e80000,0x00000000ffffb5e0,0x0000000100000000)
  to   space 116224K, 0% used [0x00000000f1d00000,0x00000000f1d00000,0x00000000f8e80000)
 ParOldGen       total 283136K, used 176550K [0x00000000c0000000, 0x00000000d1480000, 0x00000000eab00000)
  object space 283136K, 62% used [0x00000000c0000000,0x00000000cac69838,0x00000000d1480000)
 Metaspace       used 6384K, capacity 7192K, committed 7424K, reserved 1056768K
  class space    used 610K, capacity 656K, committed 768K, reserved 1048576K
}
Event: 26,128 GC heap before
{Heap before GC invocations=15 (full 2):
 PSYoungGen      total 232960K, used 232941K [0x00000000eab00000, 0x0000000100000000, 0x0000000100000000)
  eden space 116736K, 100% used [0x00000000eab00000,0x00000000f1d00000,0x00000000f1d00000)
  from space 116224K, 99% used [0x00000000f8e80000,0x00000000ffffb5e0,0x0000000100000000)
  to   space 116224K, 0% used [0x00000000f1d00000,0x00000000f1d00000,0x00000000f8e80000)
 ParOldGen       total 283136K, used 176550K [0x00000000c0000000, 0x00000000d1480000, 0x00000000eab00000)
  object space 283136K, 62% used [0x00000000c0000000,0x00000000cac69838,0x00000000d1480000)
 Metaspace       used 6385K, capacity 7192K, committed 7424K, reserved 1056768K
  class space    used 610K, capacity 656K, committed 768K, reserved 1048576K
Event: 26,525 GC heap after
Heap after GC invocations=15 (full 2):
 PSYoungGen      total 232960K, used 116218K [0x00000000eab00000, 0x0000000100000000, 0x0000000100000000)
  eden space 116736K, 0% used [0x00000000eab00000,0x00000000eab00000,0x00000000f1d00000)
  from space 116224K, 99% used [0x00000000f1d00000,0x00000000f8e7eab0,0x00000000f8e80000)
  to   space 116224K, 0% used [0x00000000f8e80000,0x00000000f8e80000,0x0000000100000000)
 ParOldGen       total 283136K, used 223349K [0x00000000c0000000, 0x00000000d1480000, 0x00000000eab00000)
  object space 283136K, 78% used [0x00000000c0000000,0x00000000cda1d730,0x00000000d1480000)
 Metaspace       used 6385K, capacity 7192K, committed 7424K, reserved 1056768K
  class space    used 610K, capacity 656K, committed 768K, reserved 1048576K
}
Event: 27,389 GC heap before
{Heap before GC invocations=16 (full 2):
 PSYoungGen      total 232960K, used 232954K [0x00000000eab00000, 0x0000000100000000, 0x0000000100000000)
  eden space 116736K, 100% used [0x00000000eab00000,0x00000000f1d00000,0x00000000f1d00000)
  from space 116224K, 99% used [0x00000000f1d00000,0x00000000f8e7eab0,0x00000000f8e80000)
  to   space 116224K, 0% used [0x00000000f8e80000,0x00000000f8e80000,0x0000000100000000)
 ParOldGen       total 283136K, used 223349K [0x00000000c0000000, 0x00000000d1480000, 0x00000000eab00000)
  object space 283136K, 78% used [0x00000000c0000000,0x00000000cda1d730,0x00000000d1480000)
 Metaspace       used 6397K, capacity 7192K, committed 7424K, reserved 1056768K
  class space    used 610K, capacity 656K, committed 768K, reserved 1048576K
Event: 27,751 GC heap after
Heap after GC invocations=16 (full 2):
 PSYoungGen      total 232960K, used 79285K [0x00000000eab00000, 0x0000000100000000, 0x0000000100000000)
  eden space 116736K, 0% used [0x00000000eab00000,0x00000000eab00000,0x00000000f1d00000)
  from space 116224K, 68% used [0x00000000f8e80000,0x00000000fdbed488,0x0000000100000000)
  to   space 116224K, 0% used [0x00000000f1d00000,0x00000000f1d00000,0x00000000f8e80000)
 ParOldGen       total 297472K, used 297138K [0x00000000c0000000, 0x00000000d2280000, 0x00000000eab00000)
  object space 297472K, 99% used [0x00000000c0000000,0x00000000d222c940,0x00000000d2280000)
 Metaspace       used 6397K, capacity 7192K, committed 7424K, reserved 1056768K
  class space    used 610K, capacity 656K, committed 768K, reserved 1048576K
}
Event: 27,751 GC heap before
{Heap before GC invocations=17 (full 3):
 PSYoungGen      total 232960K, used 79285K [0x00000000eab00000, 0x0000000100000000, 0x0000000100000000)
  eden space 116736K, 0% used [0x00000000eab00000,0x00000000eab00000,0x00000000f1d00000)
  from space 116224K, 68% used [0x00000000f8e80000,0x00000000fdbed488,0x0000000100000000)
  to   space 116224K, 0% used [0x00000000f1d00000,0x00000000f1d00000,0x00000000f8e80000)
 ParOldGen       total 297472K, used 297138K [0x00000000c0000000, 0x00000000d2280000, 0x00000000eab00000)
  object space 297472K, 99% used [0x00000000c0000000,0x00000000d222c940,0x00000000d2280000)
 Metaspace       used 6397K, capacity 7192K, committed 7424K, reserved 1056768K
  class space    used 610K, capacity 656K, committed 768K, reserved 1048576K

